Added Component: Designator=U2(DCK0005A_N)
Add component. Clean all parameters for all variants
Add component (AddParameter): Name = "Accuracy(%)"; Value = "4"; VariantName = "[No Variations]"
Add component (AddParameter): Name = "Code_JEDEC"; Value = "MO-203"; VariantName = "[No Variations]"
Add component (AddParameter): Name = "ComponentLink1Description"; Value = "Manufacturer URL"; VariantName = "[No Variations]"
Add component (AddParameter): Name = "ComponentLink1URL"; Value = "http://www.ti.com/"; VariantName = "[No Variations]"
Add component (AddParameter): Name = "ComponentLink2Description"; Value = "Datasheet"; VariantName = "[No Variations]"
Add component (AddParameter): Name = "ComponentLink2URL"; Value = "http://www.ti.com/general/docs/lit/getliterature.tsp?genericPartNumber=TPS79733&fileType=pdf"; VariantName = "[No Variations]"
Add component (AddParameter): Name = "ComponentLink3Description"; Value = "Package Specification"; VariantName = "[No Variations]"
Add component (AddParameter): Name = "ComponentLink3URL"; Value = "http://www.ti.com/litv/pdf/mpds025f"; VariantName = "[No Variations]"
Add component (AddParameter): Name = "DatasheetVersion"; Value = "SLVS332H"; VariantName = "[No Variations]"
Add component (AddParameter): Name = "Eco-Plan"; Value = "Green (RoHS & no Sb/Br)"; VariantName = "[No Variations]"
Add component (AddParameter): Name = "Fixed Output Options(V)"; Value = "3.3"; VariantName = "[No Variations]"
Add component (AddParameter): Name = "Iout(Max)(A)"; Value = "0.05"; VariantName = "[No Variations]"
Add component (AddParameter): Name = "Iq(Typ)(mA)"; Value = "0.001"; VariantName = "[No Variations]"
Add component (AddParameter): Name = "Manufacturer"; Value = "Texas Instruments"; VariantName = "[No Variations]"
Add component (AddParameter): Name = "Mounting Technology"; Value = "Surface Mount"; VariantName = "[No Variations]"
Add component (AddParameter): Name = "PackageDescription"; Value = "5-Pin Plastic Small-Outline, Body 2 x 1.25 mm, Pitch 0.65 mm"; VariantName = "[No Variations]"
Add component (AddParameter): Name = "PackageReference"; Value = "DCK0005A"; VariantName = "[No Variations]"
Add component (AddParameter): Name = "PackageVersion"; Value = "4093553-3/G"; VariantName = "[No Variations]"
Add component (AddParameter): Name = "PartNumber"; Value = "TPS79733DCKT"; VariantName = "[No Variations]"
Add component (AddParameter): Name = "Power Good"; Value = "TRUE"; VariantName = "[No Variations]"
Add component (AddParameter): Name = "Rating"; Value = "Catalog"; VariantName = "[No Variations]"
Add component (AddParameter): Name = "SubFamily"; Value = "Single Channel LDO"; VariantName = "[No Variations]"
Add component (AddParameter): Name = "Vdo(Typ)(mV)"; Value = "105"; VariantName = "[No Variations]"
Add component (AddParameter): Name = "Vin(Max)(V)"; Value = "5.5"; VariantName = "[No Variations]"
Add component (AddParameter): Name = "Vin(Min)(V)"; Value = "1.8"; VariantName = "[No Variations]"
Add component (AddParameter): Name = "Vout Adj(Max)(V)"; Value = "3.3"; VariantName = "[No Variations]"
Add component (AddParameter): Name = "Vout Adj(Min)(V)"; Value = "3.3"; VariantName = "[No Variations]"
Added Pin To Net: NetName=reset Pin=U2-1
Added Pin To Net: NetName=GND Pin=U2-2
Added Pin To Net: NetName=VCC Pin=U2-4
Added Pin To Net: NetName=VCC_reg Pin=U2-5
Added Member To Class: ClassName=Sheet2 Member=Component C5 C0805C474K4RACTU
Added Member To Class: ClassName=Sheet2 Member=Component U2 TPS79733DCKT
